<?xml version="1.0" encoding="UTF-8"?>
<!-- Generated by org.testng.reporters.JUnitReportReporter -->
<testsuite skipped="7" hostname="KhadijaAsif" name="com.jdot.qa.pages.SignUpPage" tests="8" failures="0" timestamp="2020-07-10T11:28:20 PDT" time="27.390" errors="1">
  <testcase name="initialization" time="27.390" classname="com.jdot.qa.pages.SignUpPage">
    <error type="org.openqa.selenium.TimeoutException" message="timeout: Timed out receiving message from renderer: 18.800
  (Session info: chrome=83.0.4103.116)
Build info: version: &#039;3.141.59&#039;, revision: &#039;e82be7d358&#039;, time: &#039;2018-11-14T08:17:03&#039;
System info: host: &#039;KHADIJAASIF&#039;, ip: &#039;192.168.0.106&#039;, os.name: &#039;Windows 10&#039;, os.arch: &#039;amd64&#039;, os.version: &#039;10.0&#039;, java.version: &#039;1.8.0_91&#039;
Driver info: org.openqa.selenium.chrome.ChromeDriver
Capabilities {acceptInsecureCerts: false, browserName: chrome, browserVersion: 83.0.4103.116, chrome: {chromedriverVersion: 83.0.4103.39 (ccbf011cb2d2b..., userDataDir: C:\Users\KHADIJ~1\AppData\L...}, goog:chromeOptions: {debuggerAddress: localhost:53880}, javascriptEnabled: true, networkConnectionEnabled: false, pageLoadStrategy: normal, platform: WINDOWS, platformName: WINDOWS, proxy: Proxy(), setWindowRect: true, strictFileInteractability: false, timeouts: {implicit: 0, pageLoad: 300000, script: 30000}, unhandledPromptBehavior: dismiss and notify, webauthn:virtualAuthenticators: true}
Session ID: 1b75c12da5996242f1c040403cb92aad">
      <![CDATA[org.openqa.selenium.TimeoutException: timeout: Timed out receiving message from renderer: 18.800
  (Session info: chrome=83.0.4103.116)
Build info: version: '3.141.59', revision: 'e82be7d358', time: '2018-11-14T08:17:03'
System info: host: 'KHADIJAASIF', ip: '192.168.0.106', os.name: 'Windows 10', os.arch: 'amd64', os.version: '10.0', java.version: '1.8.0_91'
Driver info: org.openqa.selenium.chrome.ChromeDriver
Capabilities {acceptInsecureCerts: false, browserName: chrome, browserVersion: 83.0.4103.116, chrome: {chromedriverVersion: 83.0.4103.39 (ccbf011cb2d2b..., userDataDir: C:\Users\KHADIJ~1\AppData\L...}, goog:chromeOptions: {debuggerAddress: localhost:53880}, javascriptEnabled: true, networkConnectionEnabled: false, pageLoadStrategy: normal, platform: WINDOWS, platformName: WINDOWS, proxy: Proxy(), setWindowRect: true, strictFileInteractability: false, timeouts: {implicit: 0, pageLoad: 300000, script: 30000}, unhandledPromptBehavior: dismiss and notify, webauthn:virtualAuthenticators: true}
Session ID: 1b75c12da5996242f1c040403cb92aad
at sun.reflect.NativeConstructorAccessorImpl.newInstance0(Native Method)
at sun.reflect.NativeConstructorAccessorImpl.newInstance(Unknown Source)
at sun.reflect.DelegatingConstructorAccessorImpl.newInstance(Unknown Source)
at java.lang.reflect.Constructor.newInstance(Unknown Source)
at org.openqa.selenium.remote.http.W3CHttpResponseCodec.createException(W3CHttpResponseCodec.java:187)
at org.openqa.selenium.remote.http.W3CHttpResponseCodec.decode(W3CHttpResponseCodec.java:122)
at org.openqa.selenium.remote.http.W3CHttpResponseCodec.decode(W3CHttpResponseCodec.java:49)
at org.openqa.selenium.remote.HttpCommandExecutor.execute(HttpCommandExecutor.java:158)
at org.openqa.selenium.remote.service.DriverCommandExecutor.execute(DriverCommandExecutor.java:83)
at org.openqa.selenium.remote.RemoteWebDriver.execute(RemoteWebDriver.java:552)
at org.openqa.selenium.remote.RemoteWebDriver.get(RemoteWebDriver.java:277)
at com.jdot.qa.base.TestBase.initialization(TestBase.java:82)
at sun.reflect.NativeMethodAccessorImpl.invoke0(Native Method)
at sun.reflect.NativeMethodAccessorImpl.invoke(Unknown Source)
at sun.reflect.DelegatingMethodAccessorImpl.invoke(Unknown Source)
at java.lang.reflect.Method.invoke(Unknown Source)
at org.testng.internal.MethodInvocationHelper.invokeMethod(MethodInvocationHelper.java:134)
at org.testng.internal.MethodInvocationHelper.invokeMethodConsideringTimeout(MethodInvocationHelper.java:63)
at org.testng.internal.ConfigInvoker.invokeConfigurationMethod(ConfigInvoker.java:348)
at org.testng.internal.ConfigInvoker.invokeConfigurations(ConfigInvoker.java:302)
at org.testng.SuiteRunner.privateRun(SuiteRunner.java:327)
at org.testng.SuiteRunner.run(SuiteRunner.java:286)
at org.testng.SuiteRunnerWorker.runSuite(SuiteRunnerWorker.java:53)
at org.testng.SuiteRunnerWorker.run(SuiteRunnerWorker.java:96)
at org.testng.TestNG.runSuitesSequentially(TestNG.java:1187)
at org.testng.TestNG.runSuitesLocally(TestNG.java:1109)
at org.testng.TestNG.runSuites(TestNG.java:1039)
at org.testng.TestNG.run(TestNG.java:1007)
at org.testng.remote.AbstractRemoteTestNG.run(AbstractRemoteTestNG.java:115)
at org.testng.remote.RemoteTestNG.initAndRun(RemoteTestNG.java:251)
at org.testng.remote.RemoteTestNG.main(RemoteTestNG.java:77)
]]>
    </error>
  </testcase> <!-- initialization -->
  <system-out/>
  <testcase name="TC_Signup_02_01" time="0.000" classname="com.jdot.qa.pages.SignUpPage">
    <skipped/>
  </testcase> <!-- TC_Signup_02_01 -->
  <system-out/>
  <testcase name="TC_Signup_02_02" time="0.000" classname="com.jdot.qa.pages.SignUpPage">
    <skipped/>
  </testcase> <!-- TC_Signup_02_02 -->
  <system-out/>
  <testcase name="TC_Signup_02_03" time="0.000" classname="com.jdot.qa.pages.SignUpPage">
    <skipped/>
  </testcase> <!-- TC_Signup_02_03 -->
  <system-out/>
  <testcase name="TC_Signup_02_04" time="0.000" classname="com.jdot.qa.pages.SignUpPage">
    <skipped/>
  </testcase> <!-- TC_Signup_02_04 -->
  <system-out/>
  <testcase name="TC_Signup_02_05" time="0.000" classname="com.jdot.qa.pages.SignUpPage">
    <skipped/>
  </testcase> <!-- TC_Signup_02_05 -->
  <system-out/>
  <testcase name="TC_Signup_02_05" time="0.000" classname="com.jdot.qa.pages.SignUpPage">
    <skipped/>
  </testcase> <!-- TC_Signup_02_05 -->
  <system-out/>
  <testcase name="TC_Signup_02_05" time="0.000" classname="com.jdot.qa.pages.SignUpPage">
    <skipped/>
  </testcase> <!-- TC_Signup_02_05 -->
  <system-out/>
</testsuite> <!-- com.jdot.qa.pages.SignUpPage -->
