<?xml version="1.0" encoding="UTF-8"?>
<!-- Generated by org.testng.reporters.JUnitReportReporter -->
<testsuite skipped="34" hostname="KhadijaAsif" name="com.jdot.qa.pages.MenCollectionPage" tests="34" failures="0" timestamp="2020-07-10T11:28:20 PDT" time="0.002" errors="0">
  <testcase name="TC_Site_01_01" time="0.000" classname="com.jdot.qa.pages.MenCollectionPage">
    <skipped/>
  </testcase> <!-- TC_Site_01_01 -->
  <system-out/>
  <testcase name="TC_Festive_02_01" time="0.000" classname="com.jdot.qa.pages.MenCollectionPage">
    <skipped/>
  </testcase> <!-- TC_Festive_02_01 -->
  <system-out/>
  <testcase name="TC_Festive_02_02" time="0.000" classname="com.jdot.qa.pages.MenCollectionPage">
    <skipped/>
  </testcase> <!-- TC_Festive_02_02 -->
  <system-out/>
  <testcase name="TC_Festive_02_03" time="0.000" classname="com.jdot.qa.pages.MenCollectionPage">
    <skipped/>
  </testcase> <!-- TC_Festive_02_03 -->
  <system-out/>
  <testcase name="TC_Festive_02_04" time="0.000" classname="com.jdot.qa.pages.MenCollectionPage">
    <skipped/>
  </testcase> <!-- TC_Festive_02_04 -->
  <system-out/>
  <testcase name="TC_AddToBag_03_01" time="0.000" classname="com.jdot.qa.pages.MenCollectionPage">
    <skipped/>
  </testcase> <!-- TC_AddToBag_03_01 -->
  <system-out/>
  <testcase name="TC_AddToBag_03_02" time="0.000" classname="com.jdot.qa.pages.MenCollectionPage">
    <skipped/>
  </testcase> <!-- TC_AddToBag_03_02 -->
  <system-out/>
  <testcase name="TC_AddToBag_03_03" time="0.000" classname="com.jdot.qa.pages.MenCollectionPage">
    <skipped/>
  </testcase> <!-- TC_AddToBag_03_03 -->
  <system-out/>
  <testcase name="TC_AddToBag_03_04_A" time="0.000" classname="com.jdot.qa.pages.MenCollectionPage">
    <skipped/>
  </testcase> <!-- TC_AddToBag_03_04_A -->
  <system-out/>
  <testcase name="TC_AddToBag_03_04_B" time="0.000" classname="com.jdot.qa.pages.MenCollectionPage">
    <skipped/>
  </testcase> <!-- TC_AddToBag_03_04_B -->
  <system-out/>
  <testcase name="TC_AddToBag_03_05" time="0.000" classname="com.jdot.qa.pages.MenCollectionPage">
    <skipped/>
  </testcase> <!-- TC_AddToBag_03_05 -->
  <system-out/>
  <testcase name="TC_AddToBag_03_06" time="0.000" classname="com.jdot.qa.pages.MenCollectionPage">
    <skipped/>
  </testcase> <!-- TC_AddToBag_03_06 -->
  <system-out/>
  <testcase name="TC_Cart_04_01" time="0.000" classname="com.jdot.qa.pages.MenCollectionPage">
    <skipped/>
  </testcase> <!-- TC_Cart_04_01 -->
  <system-out/>
  <testcase name="TC_Cart_04_02" time="0.000" classname="com.jdot.qa.pages.MenCollectionPage">
    <skipped/>
  </testcase> <!-- TC_Cart_04_02 -->
  <system-out/>
  <testcase name="TC_Cart_04_03" time="0.000" classname="com.jdot.qa.pages.MenCollectionPage">
    <skipped/>
  </testcase> <!-- TC_Cart_04_03 -->
  <system-out/>
  <testcase name="TC_Cart_04_04" time="0.000" classname="com.jdot.qa.pages.MenCollectionPage">
    <skipped/>
  </testcase> <!-- TC_Cart_04_04 -->
  <system-out/>
  <testcase name="TC_Cart_04_05_A" time="0.000" classname="com.jdot.qa.pages.MenCollectionPage">
    <skipped/>
  </testcase> <!-- TC_Cart_04_05_A -->
  <system-out/>
  <testcase name="TC_Cart_04_05_B" time="0.000" classname="com.jdot.qa.pages.MenCollectionPage">
    <skipped/>
  </testcase> <!-- TC_Cart_04_05_B -->
  <system-out/>
  <testcase name="TC_Cart_04_06" time="0.000" classname="com.jdot.qa.pages.MenCollectionPage">
    <skipped/>
  </testcase> <!-- TC_Cart_04_06 -->
  <system-out/>
  <testcase name="TC_Cart_04_07" time="0.000" classname="com.jdot.qa.pages.MenCollectionPage">
    <skipped/>
  </testcase> <!-- TC_Cart_04_07 -->
  <system-out/>
  <testcase name="TC_MainCart_05_01" time="0.000" classname="com.jdot.qa.pages.MenCollectionPage">
    <skipped/>
  </testcase> <!-- TC_MainCart_05_01 -->
  <system-out/>
  <testcase name="TC_MainCart_05_02" time="0.000" classname="com.jdot.qa.pages.MenCollectionPage">
    <skipped/>
  </testcase> <!-- TC_MainCart_05_02 -->
  <system-out/>
  <testcase name="TC_MainCart_05_03" time="0.000" classname="com.jdot.qa.pages.MenCollectionPage">
    <skipped/>
  </testcase> <!-- TC_MainCart_05_03 -->
  <system-out/>
  <testcase name="TC_MainCart_05_04" time="0.000" classname="com.jdot.qa.pages.MenCollectionPage">
    <skipped/>
  </testcase> <!-- TC_MainCart_05_04 -->
  <system-out/>
  <testcase name="TC_MainCart_05_05" time="0.002" classname="com.jdot.qa.pages.MenCollectionPage">
    <skipped/>
  </testcase> <!-- TC_MainCart_05_05 -->
  <system-out/>
  <testcase name="TC_MainCart_05_06" time="0.000" classname="com.jdot.qa.pages.MenCollectionPage">
    <skipped/>
  </testcase> <!-- TC_MainCart_05_06 -->
  <system-out/>
  <testcase name="TC_MainCart_05_07" time="0.000" classname="com.jdot.qa.pages.MenCollectionPage">
    <skipped/>
  </testcase> <!-- TC_MainCart_05_07 -->
  <system-out/>
  <testcase name="TC_MainCart_05_08" time="0.000" classname="com.jdot.qa.pages.MenCollectionPage">
    <skipped/>
  </testcase> <!-- TC_MainCart_05_08 -->
  <system-out/>
  <testcase name="TC_MainCart_05_09" time="0.000" classname="com.jdot.qa.pages.MenCollectionPage">
    <skipped/>
  </testcase> <!-- TC_MainCart_05_09 -->
  <system-out/>
  <testcase name="TC_MainCart_05_10" time="0.000" classname="com.jdot.qa.pages.MenCollectionPage">
    <skipped/>
  </testcase> <!-- TC_MainCart_05_10 -->
  <system-out/>
  <testcase name="TC_MainCart_05_11" time="0.000" classname="com.jdot.qa.pages.MenCollectionPage">
    <skipped/>
  </testcase> <!-- TC_MainCart_05_11 -->
  <system-out/>
  <testcase name="TC_MainCart_05_12" time="0.000" classname="com.jdot.qa.pages.MenCollectionPage">
    <skipped/>
  </testcase> <!-- TC_MainCart_05_12 -->
  <system-out/>
  <testcase name="TC_MainCart_05_13" time="0.000" classname="com.jdot.qa.pages.MenCollectionPage">
    <skipped/>
  </testcase> <!-- TC_MainCart_05_13 -->
  <system-out/>
  <testcase name="TC_Recovery_15_09" time="0.000" classname="com.jdot.qa.pages.MenCollectionPage">
    <skipped/>
  </testcase> <!-- TC_Recovery_15_09 -->
  <system-out/>
</testsuite> <!-- com.jdot.qa.pages.MenCollectionPage -->
