<?xml version="1.0" encoding="UTF-8"?>
<!-- Generated by org.testng.reporters.JUnitReportReporter -->
<testsuite skipped="0" hostname="KhadijaAsif" name="com.jdot.qa.pages.FestiveCollectionPage" tests="1" failures="0" timestamp="2020-07-07T14:47:57 PDT" time="31.920" errors="0">
  <testcase name="TC_Recovery_15_09" time="31.920" classname="com.jdot.qa.pages.FestiveCollectionPage"/>
  <system-out/>
</testsuite> <!-- com.jdot.qa.pages.FestiveCollectionPage -->
