<?xml version="1.0" encoding="UTF-8"?>
<!-- Generated by org.testng.reporters.JUnitReportReporter -->
<testsuite skipped="9" hostname="KhadijaAsif" name="com.jdot.qa.pages.LoginPage" tests="9" failures="0" timestamp="2020-07-10T11:28:20 PDT" time="0.000" errors="0">
  <testcase name="TC_Login_01_01" time="0.000" classname="com.jdot.qa.pages.LoginPage">
    <skipped/>
  </testcase> <!-- TC_Login_01_01 -->
  <system-out/>
  <testcase name="TC_Login_01_02" time="0.000" classname="com.jdot.qa.pages.LoginPage">
    <skipped/>
  </testcase> <!-- TC_Login_01_02 -->
  <system-out/>
  <testcase name="TC_Login_01_03" time="0.000" classname="com.jdot.qa.pages.LoginPage">
    <skipped/>
  </testcase> <!-- TC_Login_01_03 -->
  <system-out/>
  <testcase name="TC_Login_01_04" time="0.000" classname="com.jdot.qa.pages.LoginPage">
    <skipped/>
  </testcase> <!-- TC_Login_01_04 -->
  <system-out/>
  <testcase name="TC_Login_01_05" time="0.000" classname="com.jdot.qa.pages.LoginPage">
    <skipped/>
  </testcase> <!-- TC_Login_01_05 -->
  <system-out/>
  <testcase name="TC_Login_01_06" time="0.000" classname="com.jdot.qa.pages.LoginPage">
    <skipped/>
  </testcase> <!-- TC_Login_01_06 -->
  <system-out/>
  <testcase name="TC_Login_01_09" time="0.000" classname="com.jdot.qa.pages.LoginPage">
    <skipped/>
  </testcase> <!-- TC_Login_01_09 -->
  <system-out/>
  <testcase name="TC_Login_01_07" time="0.000" classname="com.jdot.qa.pages.LoginPage">
    <skipped/>
  </testcase> <!-- TC_Login_01_07 -->
  <system-out/>
  <testcase name="TC_Login_01_10" time="0.000" classname="com.jdot.qa.pages.LoginPage">
    <skipped/>
  </testcase> <!-- TC_Login_01_10 -->
  <system-out/>
</testsuite> <!-- com.jdot.qa.pages.LoginPage -->
